proguard/seeds.txt
com.itheima17.mobileguard.R$layout: int acitivity_appmanager
com.itheima17.mobileguard.R$layout: int acitivity_taskmanager
com.itheima17.mobileguard.R$layout: int activity_antivirus
com.itheima17.mobileguard.R$layout: int activity_applock
com.itheima17.mobileguard.R$layout: int activity_atool
com.itheima17.mobileguard.R$layout: int activity_black
com.itheima17.mobileguard.R$layout: int activity_cacheclear
com.itheima17.mobileguard.R$layout: int activity_commonservice
com.itheima17.mobileguard.R$layout: int activity_home
com.itheima17.mobileguard.R$layout: int activity_lostfind
com.itheima17.mobileguard.R$layout: int activity_phonelocation
com.itheima17.mobileguard.R$layout: int activity_setttingcenter
com.itheima17.mobileguard.R$layout: int activity_setup1
com.itheima17.mobileguard.R$layout: int activity_setup2
com.itheima17.mobileguard.R$layout: int activity_setup3
com.itheima17.mobileguard.R$layout: int activity_setup4
com.itheima17.mobileguard.R$layout: int activity_splash
com.itheima17.mobileguard.R$layout: int activity_watchdogpassword
com.itheima17.mobileguard.R$layout: int dialog_addblack_view
com.itheima17.mobileguard.R$layout: int dialog_locaitonstyle_view
com.itheima17.mobileguard.R$layout: int dialog_setpassword_view
com.itheima17.mobileguard.R$layout: int item_antivirus_ll
com.itheima17.mobileguard.R$layout: int item_applock_lv
com.itheima17.mobileguard.R$layout: int item_appmanager_lv
com.itheima17.mobileguard.R$menu: int splash
com.itheima17.mobileguard.R$raw: int qqqg
com.itheima17.mobileguard.R$string: int accessibility_service_description
com.itheima17.mobileguard.R$string: int accessibility_service_label
com.itheima17.mobileguard.R$string: int action_settings
com.itheima17.mobileguard.R$string: int app_name
com.itheima17.mobileguard.R$string: int getnewvirus
com.itheima17.mobileguard.R$string: int getvirusversion
com.itheima17.mobileguard.R$string: int hello_world
com.itheima17.mobileguard.R$string: int sample_device_admin
com.itheima17.mobileguard.R$string: int sample_device_admin_description
com.itheima17.mobileguard.R$string: int ssdk_alipay
com.itheima17.mobileguard.R$string: int ssdk_alipay_client_inavailable
com.itheima17.mobileguard.R$string: int ssdk_baidutieba
com.itheima17.mobileguard.R$string: int ssdk_baidutieba_client_inavailable
com.itheima17.mobileguard.R$string: int ssdk_bluetooth
com.itheima17.mobileguard.R$string: int ssdk_douban
com.itheima17.mobileguard.R$string: int ssdk_dropbox
com.itheima17.mobileguard.R$string: int ssdk_email
com.itheima17.mobileguard.R$string: int ssdk_evernote
com.itheima17.mobileguard.R$string: int ssdk_facebook
com.itheima17.mobileguard.R$string: int ssdk_facebookmessenger
com.itheima17.mobileguard.R$string: int ssdk_flickr
com.itheima17.mobileguard.R$string: int ssdk_foursquare
com.itheima17.mobileguard.R$string: int ssdk_google_plus_client_inavailable
com.itheima17.mobileguard.R$string: int ssdk_googleplus
com.itheima17.mobileguard.R$string: int ssdk_instagram
com.itheima17.mobileguard.R$style: int AppBaseTheme
com.itheima17.mobileguard.R$style: int AppTheme
com.itheima17.mobileguard.R$style: int locaitondialogstyle
com.itheima17.mobileguard.R$style: int popupAnimation
com.itheima17.mobileguard.R$style: int title_style