proguard/mapping.txt
com.nineoldandroids.animation.ValueAnimator -> com.d.a.ak:
    long mStartTime -> b
    long mSeekTime -> c
    java.lang.ThreadLocal sAnimationHandler -> h
    java.lang.ThreadLocal sAnimations -> i
    java.lang.ThreadLocal sPendingAnimations -> j
    java.lang.ThreadLocal sDelayedAnims -> k
    java.lang.ThreadLocal sEndingAnims -> l
    java.lang.ThreadLocal sReadyAnims -> m
    android.view.animation.Interpolator sDefaultInterpolator -> n
    com.nineoldandroids.animation.TypeEvaluator sIntEvaluator -> o
    com.nineoldandroids.animation.TypeEvaluator sFloatEvaluator -> p
    boolean mPlayingBackwards -> q
    int mCurrentIteration -> r
    float mCurrentFraction -> s
    boolean mStartedDelay -> t
    long mDelayStartTime -> u
    int mPlayingState -> d
    boolean mRunning -> v
    boolean mStarted -> w
    boolean mInitialized -> e
    long mDuration -> x
    long mStartDelay -> y
    long sFrameDelay -> z
    int mRepeatCount -> A
    int mRepeatMode -> B
    android.view.animation.Interpolator mInterpolator -> C
    java.util.ArrayList mUpdateListeners -> D
    com.nineoldandroids.animation.PropertyValuesHolder[] mValues -> f
    java.util.HashMap mValuesMap -> g
    com.nineoldandroids.animation.ValueAnimator ofFloat(float[]) -> b
    void setFloatValues(float[]) -> a
    void setValues(com.nineoldandroids.animation.PropertyValuesHolder[]) -> a
    void initAnimation() -> d
com.nineoldandroids.animation.ValueAnimator$1 -> com.d.a.al:
    java.util.ArrayList initialValue() -> a
    java.lang.Object initialValue() -> initialValue
com.nineoldandroids.animation.ValueAnimator$2 -> com.d.a.am:
    java.util.ArrayList initialValue() -> a
    java.lang.Object initialValue() -> initialValue
com.nineoldandroids.animation.ValueAnimator$3 -> com.d.a.an:
    java.util.ArrayList initialValue() -> a
    java.lang.Object initialValue() -> initialValue
com.nineoldandroids.animation.ValueAnimator$4 -> com.d.a.ao:
    java.util.ArrayList initialValue() -> a
    java.lang.Object initialValue() -> initialValue
com.nineoldandroids.animation.ValueAnimator$5 -> com.d.a.ap:
    java.util.ArrayList initialValue() -> a
    java.lang.Object initialValue() -> initialValue
com.nineoldandroids.animation.ValueAnimator$AnimationHandler -> com.d.a.aq:
    void handleMessage(android.os.Message) -> handleMessage
com.nineoldandroids.animation.ValueAnimator$AnimatorUpdateListener -> com.d.a.ar:
    void onAnimationUpdate(com.nineoldandroids.animation.ValueAnimator) -> a
com.nineoldandroids.util.FloatProperty -> com.d.b.a:
    void setValue(java.lang.Object,float) -> a
    void set(java.lang.Object,java.lang.Float) -> a
    void set(java.lang.Object,java.lang.Object) -> a
com.nineoldandroids.util.IntProperty -> com.d.b.b:
    void set(java.lang.Object,java.lang.Integer) -> a
    void set(java.lang.Object,java.lang.Object) -> a
com.nineoldandroids.util.Property -> com.d.b.c:
    java.lang.String mName -> a
    java.lang.Class mType -> b
    void set(java.lang.Object,java.lang.Object) -> a
    java.lang.Object get(java.lang.Object) -> a
    java.lang.String getName() -> a