proguard/usage.txt
cn.sharesdk.wechat.utils.WXFileObject
cn.sharesdk.wechat.utils.WXImageObject
cn.sharesdk.wechat.utils.WXMediaMessage:
    public static final java.lang.String ACTION_WXAPPMESSAGE
    public final int getType()
    public final void setThumbImage(android.graphics.Bitmap)
cn.sharesdk.wechat.utils.WXMediaMessage$IMediaObject:
    public static final int TYPE_UNKNOWN
    public static final int TYPE_TEXT
    public static final int TYPE_IMAGE
    public static final int TYPE_MUSIC
    public static final int TYPE_VIDEO
    public static final int TYPE_URL
    public static final int TYPE_FILE
    public static final int TYPE_APPDATA
    public static final int TYPE_EMOJI
    public abstract int type()
    public abstract boolean checkArgs()
cn.sharesdk.wechat.utils.WXMusicObject
cn.sharesdk.wechat.utils.WXTextObject
cn.sharesdk.wechat.utils.WXVideoObject
cn.sharesdk.wechat.utils.WXWebpageObject
cn.sharesdk.wechat.utils.WechatClientNotExistException
cn.sharesdk.wechat.utils.WechatFavoriteNotSupportedException
cn.sharesdk.wechat.utils.WechatHelper:
    public void a(cn.sharesdk.wechat.utils.k)
    public boolean b()
    public void a(cn.sharesdk.wechat.utils.k,cn.sharesdk.framework.Platform$ShareParams,cn.sharesdk.framework.PlatformActionListener)
    public void b(cn.sharesdk.wechat.utils.k)
    private void a(java.lang.String,java.lang.String,int,cn.sharesdk.wechat.utils.k)
    private void a(android.content.Context,java.lang.String,java.lang.String,java.lang.String,int,cn.sharesdk.wechat.utils.k)
    private void a(android.content.Context,java.lang.String,java.lang.String,android.graphics.Bitmap,int,cn.sharesdk.wechat.utils.k)
    private void a(android.content.Context,java.lang.String,java.lang.String,java.lang.String,java.lang.String,java.lang.String,int,cn.sharesdk.wechat.utils.k)
    private void a(android.content.Context,java.lang.String,java.lang.String,java.lang.String,java.lang.String,android.graphics.Bitmap,int,cn.sharesdk.wechat.utils.k)
    private void a(android.content.Context,java.lang.String,java.lang.String,java.lang.String,java.lang.String,int,cn.sharesdk.wechat.utils.k)
    private void a(android.content.Context,java.lang.String,java.lang.String,java.lang.String,android.graphics.Bitmap,int,cn.sharesdk.wechat.utils.k)
    private void b(android.content.Context,java.lang.String,java.lang.String,java.lang.String,java.lang.String,int,cn.sharesdk.wechat.utils.k)
cn.sharesdk.wechat.utils.WechatHelper$ShareParams
cn.sharesdk.wechat.utils.WechatResp$ErrCode
cn.sharesdk.wechat.utils.WechatTimelineNotSupportedException
cn.sharesdk.wechat.utils.a
cn.sharesdk.wechat.utils.d
cn.sharesdk.wechat.utils.g:
    public g(cn.sharesdk.framework.Platform,int)
    public void a(java.lang.String,java.lang.String)
    public void a(cn.sharesdk.framework.PlatformActionListener)
    static synthetic cn.sharesdk.framework.Platform a(cn.sharesdk.wechat.utils.g)
cn.sharesdk.wechat.utils.i
cn.sharesdk.wechat.utils.j:
    private android.content.Context a
    private java.lang.String b
    public boolean a(android.content.Context,java.lang.String)
    public void a(cn.sharesdk.wechat.utils.m)
    public boolean a()
    public boolean b()
    private boolean d()
    private java.lang.String a(java.lang.String)
    public boolean c()
cn.sharesdk.wechat.utils.k:
    public k(cn.sharesdk.framework.Platform)
    public void a(cn.sharesdk.framework.authorize.AuthorizeListener)
    public void a(cn.sharesdk.framework.Platform$ShareParams,cn.sharesdk.framework.PlatformActionListener)
    public void a(cn.sharesdk.wechat.utils.g)
    public cn.sharesdk.framework.Platform$ShareParams a()
    public cn.sharesdk.framework.Platform b()
    public cn.sharesdk.framework.PlatformActionListener c()
cn.sharesdk.wechat.utils.l
cn.sharesdk.wechat.utils.m
cn.sharesdk.yixin.friends.Yixin
cn.sharesdk.yixin.friends.Yixin$ShareParams
cn.sharesdk.yixin.moments.YixinMoments